\BOOKMARK [1][-]{section.1}{\376\377\000M\000o\000t\000i\000v\000a\000t\000i\000o\000n\000\040\000a\000n\000d\000\040\000s\000i\000g\000n\000i\000f\000i\000c\000a\000n\000c\000e}{}% 1
\BOOKMARK [1][-]{section.2}{\376\377\000S\000o\000f\000t\000w\000a\000r\000e\000\040\000d\000e\000s\000c\000r\000i\000p\000t\000i\000o\000n}{}% 2
\BOOKMARK [2][-]{subsection.2.1}{\376\377\000A\000r\000c\000h\000i\000t\000e\000c\000t\000u\000r\000e\000\040\000o\000v\000e\000r\000v\000i\000e\000w}{section.2}% 3
\BOOKMARK [2][-]{subsection.2.2}{\376\377\000C\000o\000r\000e\000\040\000s\000c\000i\000e\000n\000t\000i\000f\000i\000c\000\040\000m\000o\000d\000u\000l\000e\000s}{section.2}% 4
\BOOKMARK [3][-]{subsubsection.2.2.1}{\376\377\000T\000o\000p\000o\000l\000o\000g\000i\000c\000a\000l\000\040\000D\000a\000t\000a\000\040\000A\000n\000a\000l\000y\000s\000i\000s\000\040\000\050\000T\000D\000A\000.\000j\000l\000\051}{subsection.2.2}% 5
\BOOKMARK [3][-]{subsubsection.2.2.2}{\376\377\000P\000h\000y\000s\000i\000c\000s\000-\000I\000n\000f\000o\000r\000m\000e\000d\000\040\000N\000e\000u\000r\000a\000l\000\040\000N\000e\000t\000w\000o\000r\000k\000s\000\040\000\050\000P\000I\000N\000N\000s\000.\000j\000l\000\051}{subsection.2.2}% 6
\BOOKMARK [3][-]{subsubsection.2.2.3}{\376\377\000G\000r\000a\000p\000h\000\040\000N\000e\000u\000r\000a\000l\000\040\000N\000e\000t\000w\000o\000r\000k\000s\000\040\000\050\000G\000N\000N\000P\000e\000r\000m\000e\000a\000b\000i\000l\000i\000t\000y\000.\000j\000l\000\051}{subsection.2.2}% 7
\BOOKMARK [3][-]{subsubsection.2.2.4}{\376\377\000G\000e\000n\000e\000r\000a\000t\000i\000v\000e\000\040\000M\000o\000d\000e\000l\000s\000\040\000\050\000D\000i\000f\000f\000u\000s\000i\000o\000n\000S\000c\000a\000f\000f\000o\000l\000d\000G\000e\000n\000e\000r\000a\000t\000o\000r\000.\000j\000l\000\051}{subsection.2.2}% 8
\BOOKMARK [3][-]{subsubsection.2.2.5}{\376\377\000T\000P\000M\000S\000\040\000G\000e\000n\000e\000r\000a\000t\000i\000o\000n\000\040\000\050\000T\000P\000M\000S\000G\000e\000n\000e\000r\000a\000t\000o\000r\000s\000.\000j\000l\000\051}{subsection.2.2}% 9
\BOOKMARK [2][-]{subsection.2.3}{\376\377\000M\000o\000r\000p\000h\000o\000m\000e\000t\000r\000i\000c\000\040\000v\000a\000l\000i\000d\000a\000t\000i\000o\000n}{section.2}% 10
\BOOKMARK [2][-]{subsection.2.4}{\376\377\000O\000n\000t\000o\000l\000o\000g\000y\000\040\000i\000n\000t\000e\000g\000r\000a\000t\000i\000o\000n}{section.2}% 11
\BOOKMARK [1][-]{section.3}{\376\377\000I\000l\000l\000u\000s\000t\000r\000a\000t\000i\000v\000e\000\040\000e\000x\000a\000m\000p\000l\000e\000s}{}% 12
\BOOKMARK [2][-]{subsection.3.1}{\376\377\000B\000a\000s\000i\000c\000\040\000a\000n\000a\000l\000y\000s\000i\000s\000\040\000w\000o\000r\000k\000f\000l\000o\000w}{section.3}% 13
\BOOKMARK [2][-]{subsection.3.2}{\376\377\000T\000r\000a\000n\000s\000p\000o\000r\000t\000\040\000s\000i\000m\000u\000l\000a\000t\000i\000o\000n}{section.3}% 14
\BOOKMARK [2][-]{subsection.3.3}{\376\377\000G\000e\000n\000e\000r\000a\000t\000i\000v\000e\000\040\000d\000e\000s\000i\000g\000n}{section.3}% 15
\BOOKMARK [1][-]{section.4}{\376\377\000I\000m\000p\000a\000c\000t}{}% 16
\BOOKMARK [2][-]{subsection.4.1}{\376\377\000V\000a\000l\000i\000d\000a\000t\000i\000o\000n\000\040\000r\000e\000s\000u\000l\000t\000s}{section.4}% 17
\BOOKMARK [3][-]{subsubsection.4.1.1}{\376\377\000M\000o\000r\000p\000h\000o\000m\000e\000t\000r\000i\000c\000\040\000a\000c\000c\000u\000r\000a\000c\000y}{subsection.4.1}% 18
\BOOKMARK [3][-]{subsubsection.4.1.2}{\376\377\000T\000P\000M\000S\000\040\000v\000a\000l\000i\000d\000a\000t\000i\000o\000n}{subsection.4.1}% 19
\BOOKMARK [3][-]{subsubsection.4.1.3}{\376\377\000C\000r\000o\000s\000s\000-\000d\000a\000t\000a\000s\000e\000t\000\040\000v\000a\000l\000i\000d\000a\000t\000i\000o\000n}{subsection.4.1}% 20
\BOOKMARK [3][-]{subsubsection.4.1.4}{\376\377\000G\000N\000N\000\040\000p\000e\000r\000m\000e\000a\000b\000i\000l\000i\000t\000y\000\040\000p\000r\000e\000d\000i\000c\000t\000i\000o\000n}{subsection.4.1}% 21
\BOOKMARK [2][-]{subsection.4.2}{\376\377\000C\000o\000m\000p\000a\000r\000i\000s\000o\000n\000\040\000w\000i\000t\000h\000\040\000e\000x\000i\000s\000t\000i\000n\000g\000\040\000t\000o\000o\000l\000s}{section.4}% 22
\BOOKMARK [2][-]{subsection.4.3}{\376\377\000S\000c\000i\000e\000n\000t\000i\000f\000i\000c\000\040\000d\000i\000s\000c\000o\000v\000e\000r\000i\000e\000s\000\040\000e\000n\000a\000b\000l\000e\000d}{section.4}% 23
\BOOKMARK [2][-]{subsection.4.4}{\376\377\000L\000i\000m\000i\000t\000a\000t\000i\000o\000n\000s}{section.4}% 24
\BOOKMARK [1][-]{section.5}{\376\377\000C\000o\000n\000c\000l\000u\000s\000i\000o\000n\000s}{}% 25
